<?xml version="1.0" encoding="UTF-8"?>
<!-- Generated by org.testng.reporters.JUnitXMLReporter -->
<testsuite ignored="0" hostname="DESKTOP-B9KJEIH" failures="0" tests="4" name="Default test" time="99.632" errors="0" timestamp="2023-06-01T19:56:56 IST">
  <testcase classname="com.Amazon.TestClasses.TC01_VerifyLogInFunctionality" name="verifyLogInFunctionality" time="40.287"/>
  <testcase classname="com.Amazon.TestClasses.TC01_VerifyLogInFunctionality" name="verifyLogInFunctionality" time="20.974"/>
  <testcase classname="com.Amazon.TestClasses.TC01_VerifyLogInFunctionality" name="verifyLogInFunctionality" time="19.252"/>
  <testcase classname="com.Amazon.TestClasses.TC01_VerifyLogInFunctionality" name="verifyLogInFunctionality" time="18.998"/>
</testsuite> <!-- Default test -->
