<?xml version="1.0" encoding="UTF-8"?>
<testng-results ignored="0" total="4" passed="4" failed="0" skipped="0">
  <reporter-output>
  </reporter-output>
  <suite started-at="2023-06-01T19:55:16 IST" name="Default suite" finished-at="2023-06-01T19:56:56 IST" duration-ms="99632">
    <groups>
    </groups>
    <test started-at="2023-06-01T19:55:16 IST" name="Default test" finished-at="2023-06-01T19:56:56 IST" duration-ms="99632">
      <class name="com.Amazon.TestClasses.TC01_VerifyLogInFunctionality">
        <test-method signature="verifyLogInFunctionality()[pri:0, instance:com.Amazon.TestClasses.TC01_VerifyLogInFunctionality@52af26ee]" started-at="2023-06-01T19:55:16 IST" name="verifyLogInFunctionality" finished-at="2023-06-01T19:55:57 IST" duration-ms="40287" status="PASS">
          <reporter-output>
          </reporter-output>
        </test-method> <!-- verifyLogInFunctionality -->
        <test-method signature="verifyLogInFunctionality()[pri:0, instance:com.Amazon.TestClasses.TC01_VerifyLogInFunctionality@52af26ee]" started-at="2023-06-01T19:55:57 IST" name="verifyLogInFunctionality" finished-at="2023-06-01T19:56:18 IST" duration-ms="20974" status="PASS">
          <reporter-output>
          </reporter-output>
        </test-method> <!-- verifyLogInFunctionality -->
        <test-method signature="verifyLogInFunctionality()[pri:0, instance:com.Amazon.TestClasses.TC01_VerifyLogInFunctionality@52af26ee]" started-at="2023-06-01T19:56:18 IST" name="verifyLogInFunctionality" finished-at="2023-06-01T19:56:37 IST" duration-ms="19252" status="PASS">
          <reporter-output>
          </reporter-output>
        </test-method> <!-- verifyLogInFunctionality -->
        <test-method signature="verifyLogInFunctionality()[pri:0, instance:com.Amazon.TestClasses.TC01_VerifyLogInFunctionality@52af26ee]" started-at="2023-06-01T19:56:37 IST" name="verifyLogInFunctionality" finished-at="2023-06-01T19:56:56 IST" duration-ms="18998" status="PASS">
          <reporter-output>
          </reporter-output>
        </test-method> <!-- verifyLogInFunctionality -->
      </class> <!-- com.Amazon.TestClasses.TC01_VerifyLogInFunctionality -->
    </test> <!-- Default test -->
  </suite> <!-- Default suite -->
</testng-results>
